Running: fuse.exe -relaunch -intstyle "ise" -incremental -o "D:/vhdl/ex9/basic_computer_test_isim_beh.exe" -prj "D:/vhdl/ex9/basic_computer_test_beh.prj" "work.basic_computer_test" 
ISim P.20131013 (signature 0x7708f090)
Number of CPUs detected in this system: 8
Turning on mult-threading, number of parallel sub-compilation jobs: 16 
Determining compilation order of HDL files
Parsing VHDL file "D:/vhdl/ex9/RAM.vhd" into library work
Parsing VHDL file "D:/vhdl/ex9/CPU8bits.vhd" into library work
Parsing VHDL file "D:/vhdl/ex9/basic_computer_test.vhd" into library work
Starting static elaboration
Completed static elaboration
Compiling package standard
Compiling package std_logic_1164
Compiling package numeric_std
Compiling architecture cpu8bits_arch of entity CPU8bits [cpu8bits_default]
Compiling architecture ram_arch of entity RAM [ram_default]
Compiling architecture behavior of entity basic_computer_test
Time Resolution for simulation is 1ps.
Compiled 8 VHDL Units
Built simulation executable D:/vhdl/ex9/basic_computer_test_isim_beh.exe
Fuse Memory Usage: 36604 KB
Fuse CPU Usage: 452 ms
